2025-08-06 02:56:33,826 - INFO - Setting device to CPU
2025-08-06 02:56:33,831 - INFO - Initiating Dataloaders
2025-08-06 02:56:34,011 - INFO - Creating CNN Model
2025-08-06 02:56:34,053 - INFO - Beginning Training with 10 epochs.
2025-08-06 02:56:34,054 - INFO - Starting Epoch: 0
2025-08-06 02:56:36,481 - INFO - Epoch: 0, Batch: 1, Loss: 0.0
2025-08-06 02:56:38,278 - INFO - Epoch: 0, Batch: 2, Loss: 0.0
2025-08-06 02:56:40,152 - INFO - Epoch: 0, Batch: 3, Loss: 0.0
2025-08-06 02:56:41,806 - INFO - Epoch: 0, Batch: 4, Loss: 0.0
2025-08-06 02:56:45,248 - INFO - Epoch: 0, Batch: 5, Loss: 0.0
2025-08-06 02:56:48,047 - INFO - Epoch: 0, Batch: 6, Loss: 0.0
2025-08-06 02:56:50,397 - INFO - Epoch: 0, Batch: 7, Loss: 0.0
2025-08-06 02:56:54,327 - INFO - Epoch: 0, Batch: 8, Loss: 0.0
2025-08-06 02:56:56,118 - INFO - Epoch: 0, Batch: 9, Loss: 0.0
2025-08-06 02:56:57,627 - INFO - Epoch: 0, Batch: 10, Loss: 0.0
2025-08-06 02:56:59,413 - INFO - Epoch: 0, Batch: 11, Loss: 0.0
2025-08-06 02:57:01,604 - INFO - Epoch: 0, Batch: 12, Loss: 0.0
2025-08-06 02:57:03,204 - INFO - Epoch: 0, Batch: 13, Loss: 0.0
2025-08-06 02:57:04,610 - INFO - Epoch: 0, Batch: 14, Loss: 0.0
2025-08-06 02:57:06,398 - INFO - Epoch: 0, Batch: 15, Loss: 0.0
2025-08-06 02:57:08,994 - INFO - Epoch: 0, Batch: 16, Loss: 0.0
2025-08-06 02:57:12,609 - INFO - Epoch: 0, Batch: 17, Loss: 0.0
2025-08-06 02:57:16,641 - INFO - Epoch: 0, Batch: 18, Loss: 0.0
2025-08-06 02:57:22,740 - INFO - Epoch: 0, Batch: 19, Loss: 0.0
2025-08-06 02:57:24,720 - INFO - Epoch: 0, Batch: 20, Loss: 0.0
2025-08-06 02:57:26,746 - INFO - Epoch: 0, Batch: 21, Loss: 0.0
2025-08-06 02:57:31,719 - INFO - Epoch: 0, Batch: 22, Loss: 0.0
2025-08-06 02:57:36,772 - INFO - Epoch: 0, Batch: 23, Loss: 0.0
2025-08-06 02:57:38,212 - INFO - Epoch: 0, Batch: 24, Loss: 0.0
2025-08-06 02:57:40,700 - INFO - Epoch: 0, Batch: 25, Loss: 0.0
2025-08-06 02:57:43,158 - INFO - Epoch: 0, Batch: 26, Loss: 0.0
2025-08-06 02:57:47,767 - INFO - Epoch: 0, Batch: 27, Loss: 0.0
2025-08-06 02:57:50,007 - INFO - Epoch: 0, Batch: 28, Loss: 0.0
2025-08-06 02:57:51,217 - INFO - Epoch: 0, Batch: 29, Loss: 0.0
2025-08-06 02:57:53,393 - INFO - Epoch: 0, Batch: 30, Loss: 0.0
2025-08-06 02:57:54,884 - INFO - Epoch: 0, Batch: 31, Loss: 0.0
2025-08-06 02:57:56,425 - INFO - Epoch: 0, Batch: 32, Loss: 0.0
2025-08-06 02:57:58,441 - INFO - Epoch: 0, Batch: 33, Loss: 0.0
2025-08-06 02:58:00,611 - INFO - Epoch: 0, Batch: 34, Loss: 0.0
2025-08-06 02:58:04,788 - INFO - Epoch: 0, Batch: 35, Loss: 0.0
2025-08-06 02:58:07,632 - INFO - Epoch: 0, Batch: 36, Loss: 0.0
2025-08-06 02:58:09,170 - INFO - Epoch: 0, Batch: 37, Loss: 0.0
2025-08-06 02:58:12,243 - INFO - Epoch: 0, Batch: 38, Loss: 0.0
2025-08-06 02:58:14,983 - INFO - Epoch: 0, Batch: 39, Loss: 0.0
2025-08-06 02:58:16,928 - INFO - Epoch: 0, Batch: 40, Loss: 0.0
2025-08-06 02:58:19,986 - INFO - Epoch: 0, Batch: 41, Loss: 0.0
2025-08-06 02:58:21,648 - INFO - Epoch: 0, Batch: 42, Loss: 0.0
2025-08-06 02:58:23,465 - INFO - Epoch: 0, Batch: 43, Loss: 0.0
2025-08-06 02:58:25,164 - INFO - Epoch: 0, Batch: 44, Loss: 0.0
2025-08-06 02:58:26,509 - INFO - Epoch: 0, Batch: 45, Loss: 0.0
2025-08-06 02:58:28,232 - INFO - Epoch: 0, Batch: 46, Loss: 0.0
2025-08-06 02:58:30,227 - INFO - Epoch: 0, Batch: 47, Loss: 0.0
2025-08-06 02:58:32,074 - INFO - Epoch: 0, Batch: 48, Loss: 0.0
2025-08-06 02:58:34,701 - INFO - Epoch: 0, Batch: 49, Loss: 0.0
2025-08-06 02:58:36,585 - INFO - Epoch: 0, Batch: 50, Loss: 0.0
2025-08-06 02:58:39,650 - INFO - Epoch: 0, Batch: 51, Loss: 0.0
2025-08-06 02:58:41,526 - INFO - Epoch: 0, Batch: 52, Loss: 0.0
2025-08-06 02:58:43,911 - INFO - Epoch: 0, Batch: 53, Loss: 0.0
2025-08-06 02:58:47,161 - INFO - Epoch: 0, Batch: 54, Loss: 0.0
2025-08-06 02:58:48,335 - INFO - Epoch: 0, Batch: 55, Loss: 0.0
2025-08-06 02:58:49,965 - INFO - Epoch: 0, Batch: 56, Loss: 0.0
2025-08-06 02:58:51,428 - INFO - Epoch: 0, Batch: 57, Loss: 0.0
2025-08-06 02:58:53,425 - INFO - Epoch: 0, Batch: 58, Loss: 0.0
2025-08-06 02:58:54,953 - INFO - Epoch: 0, Batch: 59, Loss: 0.0
2025-08-06 02:58:56,318 - INFO - Epoch: 0, Batch: 60, Loss: 0.0
2025-08-06 02:58:57,789 - INFO - Epoch: 0, Batch: 61, Loss: 0.0
2025-08-06 02:59:00,025 - INFO - Epoch: 0, Batch: 62, Loss: 0.0
2025-08-06 02:59:01,147 - INFO - Epoch: 0, Batch: 63, Loss: 0.0
2025-08-06 02:59:02,761 - INFO - Epoch: 0, Batch: 64, Loss: 0.0
2025-08-06 02:59:04,334 - INFO - Epoch: 0, Batch: 65, Loss: 0.0
2025-08-06 02:59:05,807 - INFO - Epoch: 0, Batch: 66, Loss: 0.0
2025-08-06 02:59:07,343 - INFO - Epoch: 0, Batch: 67, Loss: 0.0
2025-08-06 02:59:08,928 - INFO - Epoch: 0, Batch: 68, Loss: 0.0
2025-08-06 02:59:08,978 - INFO - Saved Checkpoints model!
2025-08-06 02:59:08,980 - INFO - Starting Epoch: 1
2025-08-06 02:59:10,531 - INFO - Epoch: 1, Batch: 1, Loss: 0.0
2025-08-06 02:59:11,976 - INFO - Epoch: 1, Batch: 2, Loss: 0.0
2025-08-06 02:59:13,581 - INFO - Epoch: 1, Batch: 3, Loss: 0.0
2025-08-06 02:59:15,800 - INFO - Epoch: 1, Batch: 4, Loss: 0.0
2025-08-06 02:59:18,866 - INFO - Epoch: 1, Batch: 5, Loss: 0.0
2025-08-06 02:59:20,154 - INFO - Epoch: 1, Batch: 6, Loss: 0.0
2025-08-06 02:59:22,187 - INFO - Epoch: 1, Batch: 7, Loss: 0.0
2025-08-06 02:59:23,484 - INFO - Epoch: 1, Batch: 8, Loss: 0.0
2025-08-06 02:59:25,663 - INFO - Epoch: 1, Batch: 9, Loss: 0.0
2025-08-06 02:59:28,075 - INFO - Epoch: 1, Batch: 10, Loss: 0.0
2025-08-06 02:59:29,460 - INFO - Epoch: 1, Batch: 11, Loss: 0.0
2025-08-06 02:59:31,136 - INFO - Epoch: 1, Batch: 12, Loss: 0.0
2025-08-06 02:59:32,498 - INFO - Epoch: 1, Batch: 13, Loss: 0.0
2025-08-06 02:59:34,828 - INFO - Epoch: 1, Batch: 14, Loss: 0.0
2025-08-06 02:59:36,613 - INFO - Epoch: 1, Batch: 15, Loss: 0.0
2025-08-06 02:59:38,497 - INFO - Epoch: 1, Batch: 16, Loss: 0.0
2025-08-06 02:59:40,726 - INFO - Epoch: 1, Batch: 17, Loss: 0.0
2025-08-06 02:59:42,611 - INFO - Epoch: 1, Batch: 18, Loss: 0.0
2025-08-06 02:59:45,013 - INFO - Epoch: 1, Batch: 19, Loss: 0.0
2025-08-06 02:59:46,961 - INFO - Epoch: 1, Batch: 20, Loss: 0.0
2025-08-06 02:59:48,452 - INFO - Epoch: 1, Batch: 21, Loss: 0.0
2025-08-06 02:59:49,852 - INFO - Epoch: 1, Batch: 22, Loss: 0.0
2025-08-06 02:59:51,426 - INFO - Epoch: 1, Batch: 23, Loss: 0.0
2025-08-06 02:59:53,229 - INFO - Epoch: 1, Batch: 24, Loss: 0.0
2025-08-06 02:59:55,047 - INFO - Epoch: 1, Batch: 25, Loss: 0.0
2025-08-06 02:59:56,574 - INFO - Epoch: 1, Batch: 26, Loss: 0.0
2025-08-06 02:59:58,588 - INFO - Epoch: 1, Batch: 27, Loss: 0.0
2025-08-06 03:00:02,660 - INFO - Epoch: 1, Batch: 28, Loss: 0.0
2025-08-06 03:00:05,012 - INFO - Epoch: 1, Batch: 29, Loss: 0.0
2025-08-06 03:00:06,324 - INFO - Epoch: 1, Batch: 30, Loss: 0.0
2025-08-06 03:00:07,841 - INFO - Epoch: 1, Batch: 31, Loss: 0.0
2025-08-06 03:00:09,627 - INFO - Epoch: 1, Batch: 32, Loss: 0.0
2025-08-06 03:00:10,942 - INFO - Epoch: 1, Batch: 33, Loss: 0.0
2025-08-06 03:00:12,438 - INFO - Epoch: 1, Batch: 34, Loss: 0.0
2025-08-06 03:00:14,334 - INFO - Epoch: 1, Batch: 35, Loss: 0.0
2025-08-06 03:00:16,348 - INFO - Epoch: 1, Batch: 36, Loss: 0.0
2025-08-06 03:00:18,000 - INFO - Epoch: 1, Batch: 37, Loss: 0.0
2025-08-06 03:00:19,651 - INFO - Epoch: 1, Batch: 38, Loss: 0.0
2025-08-06 03:00:21,021 - INFO - Epoch: 1, Batch: 39, Loss: 0.0
2025-08-06 03:00:22,553 - INFO - Epoch: 1, Batch: 40, Loss: 0.0
2025-08-06 03:00:24,401 - INFO - Epoch: 1, Batch: 41, Loss: 0.0
2025-08-06 03:00:26,742 - INFO - Epoch: 1, Batch: 42, Loss: 0.0
2025-08-06 03:00:28,008 - INFO - Epoch: 1, Batch: 43, Loss: 0.0
2025-08-06 03:00:29,640 - INFO - Epoch: 1, Batch: 44, Loss: 0.0
2025-08-06 03:00:33,647 - INFO - Epoch: 1, Batch: 45, Loss: 0.0
2025-08-06 03:00:35,358 - INFO - Epoch: 1, Batch: 46, Loss: 0.0
2025-08-06 03:00:37,584 - INFO - Epoch: 1, Batch: 47, Loss: 0.0
2025-08-06 03:00:38,989 - INFO - Epoch: 1, Batch: 48, Loss: 0.0
2025-08-06 03:00:40,131 - INFO - Epoch: 1, Batch: 49, Loss: 0.0
2025-08-06 03:00:42,341 - INFO - Epoch: 1, Batch: 50, Loss: 0.0
2025-08-06 03:00:43,867 - INFO - Epoch: 1, Batch: 51, Loss: 0.0
2025-08-06 03:00:47,079 - INFO - Epoch: 1, Batch: 52, Loss: 0.0
2025-08-06 03:00:48,441 - INFO - Epoch: 1, Batch: 53, Loss: 0.0
2025-08-06 03:00:51,503 - INFO - Epoch: 1, Batch: 54, Loss: 0.0
2025-08-06 03:00:52,969 - INFO - Epoch: 1, Batch: 55, Loss: 0.0
2025-08-06 03:00:55,028 - INFO - Epoch: 1, Batch: 56, Loss: 0.0
2025-08-06 03:00:56,624 - INFO - Epoch: 1, Batch: 57, Loss: 0.0
2025-08-06 03:00:59,719 - INFO - Epoch: 1, Batch: 58, Loss: 0.0
2025-08-06 03:01:00,930 - INFO - Epoch: 1, Batch: 59, Loss: 0.0
2025-08-06 03:01:02,381 - INFO - Epoch: 1, Batch: 60, Loss: 0.0
2025-08-06 03:01:04,066 - INFO - Epoch: 1, Batch: 61, Loss: 0.0
2025-08-06 03:01:08,320 - INFO - Epoch: 1, Batch: 62, Loss: 0.0
2025-08-06 03:01:09,580 - INFO - Epoch: 1, Batch: 63, Loss: 0.0
2025-08-06 03:01:10,972 - INFO - Epoch: 1, Batch: 64, Loss: 0.0
2025-08-06 03:01:13,055 - INFO - Epoch: 1, Batch: 65, Loss: 0.0
2025-08-06 03:01:14,767 - INFO - Epoch: 1, Batch: 66, Loss: 0.0
2025-08-06 03:01:16,814 - INFO - Epoch: 1, Batch: 67, Loss: 0.0
2025-08-06 03:01:18,237 - INFO - Epoch: 1, Batch: 68, Loss: 0.0
2025-08-06 03:01:18,263 - INFO - Saved Checkpoints model!
2025-08-06 03:01:18,265 - INFO - Starting Epoch: 2
2025-08-06 03:01:19,644 - INFO - Epoch: 2, Batch: 1, Loss: 0.0
2025-08-06 03:01:20,982 - INFO - Epoch: 2, Batch: 2, Loss: 0.0
2025-08-06 03:01:22,471 - INFO - Epoch: 2, Batch: 3, Loss: 0.0
2025-08-06 03:01:24,708 - INFO - Epoch: 2, Batch: 4, Loss: 0.0
2025-08-06 03:01:26,870 - INFO - Epoch: 2, Batch: 5, Loss: 0.0
2025-08-06 03:01:28,602 - INFO - Epoch: 2, Batch: 6, Loss: 0.0
2025-08-06 03:01:30,123 - INFO - Epoch: 2, Batch: 7, Loss: 0.0
2025-08-06 03:01:32,051 - INFO - Epoch: 2, Batch: 8, Loss: 0.0
2025-08-06 03:01:33,746 - INFO - Epoch: 2, Batch: 9, Loss: 0.0
2025-08-06 03:01:34,998 - INFO - Epoch: 2, Batch: 10, Loss: 0.0
2025-08-06 03:01:36,303 - INFO - Epoch: 2, Batch: 11, Loss: 0.0
2025-08-06 03:01:37,698 - INFO - Epoch: 2, Batch: 12, Loss: 0.0
2025-08-06 03:01:39,328 - INFO - Epoch: 2, Batch: 13, Loss: 0.0
2025-08-06 03:01:40,733 - INFO - Epoch: 2, Batch: 14, Loss: 0.0
2025-08-06 03:01:41,937 - INFO - Epoch: 2, Batch: 15, Loss: 0.0
2025-08-06 03:01:44,211 - INFO - Epoch: 2, Batch: 16, Loss: 0.0
2025-08-06 03:01:45,740 - INFO - Epoch: 2, Batch: 17, Loss: 0.0
2025-08-06 03:01:47,216 - INFO - Epoch: 2, Batch: 18, Loss: 0.0
2025-08-06 03:01:48,813 - INFO - Epoch: 2, Batch: 19, Loss: 0.0
2025-08-06 03:01:51,095 - INFO - Epoch: 2, Batch: 20, Loss: 0.0
2025-08-06 03:01:52,686 - INFO - Epoch: 2, Batch: 21, Loss: 0.0
2025-08-06 03:01:53,769 - INFO - Epoch: 2, Batch: 22, Loss: 0.0
2025-08-06 03:01:54,862 - INFO - Epoch: 2, Batch: 23, Loss: 0.0
2025-08-06 03:01:56,146 - INFO - Epoch: 2, Batch: 24, Loss: 0.0
2025-08-06 03:01:57,992 - INFO - Epoch: 2, Batch: 25, Loss: 0.0
2025-08-06 03:01:59,552 - INFO - Epoch: 2, Batch: 26, Loss: 0.0
2025-08-06 03:02:01,167 - INFO - Epoch: 2, Batch: 27, Loss: 0.0
2025-08-06 03:02:02,857 - INFO - Epoch: 2, Batch: 28, Loss: 0.0
2025-08-06 03:02:04,372 - INFO - Epoch: 2, Batch: 29, Loss: 0.0
2025-08-06 03:02:05,804 - INFO - Epoch: 2, Batch: 30, Loss: 0.0
2025-08-06 03:02:07,195 - INFO - Epoch: 2, Batch: 31, Loss: 0.0
2025-08-06 03:02:10,597 - INFO - Epoch: 2, Batch: 32, Loss: 0.0
2025-08-06 03:02:11,938 - INFO - Epoch: 2, Batch: 33, Loss: 0.0
2025-08-06 03:02:15,280 - INFO - Epoch: 2, Batch: 34, Loss: 0.0
2025-08-06 03:02:18,054 - INFO - Epoch: 2, Batch: 35, Loss: 0.0
2025-08-06 03:02:22,263 - INFO - Epoch: 2, Batch: 36, Loss: 0.0
2025-08-06 03:02:25,517 - INFO - Epoch: 2, Batch: 37, Loss: 0.0
2025-08-06 03:02:26,910 - INFO - Epoch: 2, Batch: 38, Loss: 0.0
2025-08-06 03:02:30,819 - INFO - Epoch: 2, Batch: 39, Loss: 0.0
2025-08-06 03:02:33,320 - INFO - Epoch: 2, Batch: 40, Loss: 0.0
2025-08-06 03:02:34,704 - INFO - Epoch: 2, Batch: 41, Loss: 0.0
2025-08-06 03:02:37,846 - INFO - Epoch: 2, Batch: 42, Loss: 0.0
2025-08-06 03:02:39,744 - INFO - Epoch: 2, Batch: 43, Loss: 0.0
2025-08-06 03:02:41,838 - INFO - Epoch: 2, Batch: 44, Loss: 0.0
2025-08-06 03:02:43,159 - INFO - Epoch: 2, Batch: 45, Loss: 0.0
2025-08-06 03:02:48,052 - INFO - Epoch: 2, Batch: 46, Loss: 0.0
2025-08-06 03:02:50,512 - INFO - Epoch: 2, Batch: 47, Loss: 0.0
2025-08-06 03:02:52,365 - INFO - Epoch: 2, Batch: 48, Loss: 0.0
2025-08-06 03:02:53,836 - INFO - Epoch: 2, Batch: 49, Loss: 0.0
2025-08-06 03:02:55,565 - INFO - Epoch: 2, Batch: 50, Loss: 0.0
2025-08-06 03:02:57,466 - INFO - Epoch: 2, Batch: 51, Loss: 0.0
2025-08-06 03:02:59,801 - INFO - Epoch: 2, Batch: 52, Loss: 0.0
2025-08-06 03:03:01,165 - INFO - Epoch: 2, Batch: 53, Loss: 0.0
2025-08-06 03:03:03,401 - INFO - Epoch: 2, Batch: 54, Loss: 0.0
2025-08-06 03:03:04,733 - INFO - Epoch: 2, Batch: 55, Loss: 0.0
2025-08-06 03:03:06,062 - INFO - Epoch: 2, Batch: 56, Loss: 0.0
2025-08-06 03:03:07,340 - INFO - Epoch: 2, Batch: 57, Loss: 0.0
2025-08-06 03:03:09,483 - INFO - Epoch: 2, Batch: 58, Loss: 0.0
2025-08-06 03:03:10,763 - INFO - Epoch: 2, Batch: 59, Loss: 0.0
2025-08-06 03:03:14,113 - INFO - Epoch: 2, Batch: 60, Loss: 0.0
2025-08-06 03:03:16,050 - INFO - Epoch: 2, Batch: 61, Loss: 0.0
2025-08-06 03:03:20,086 - INFO - Epoch: 2, Batch: 62, Loss: 0.0
2025-08-06 03:03:21,410 - INFO - Epoch: 2, Batch: 63, Loss: 0.0
2025-08-06 03:03:23,696 - INFO - Epoch: 2, Batch: 64, Loss: 0.0
2025-08-06 03:03:25,034 - INFO - Epoch: 2, Batch: 65, Loss: 0.0
2025-08-06 03:03:27,013 - INFO - Epoch: 2, Batch: 66, Loss: 0.0
2025-08-06 03:03:28,469 - INFO - Epoch: 2, Batch: 67, Loss: 0.0
2025-08-06 03:03:30,283 - INFO - Epoch: 2, Batch: 68, Loss: 0.0
2025-08-06 03:03:30,313 - INFO - Saved Checkpoints model!
2025-08-06 03:03:30,314 - INFO - Starting Epoch: 3
2025-08-06 03:03:32,085 - INFO - Epoch: 3, Batch: 1, Loss: 0.0
2025-08-06 03:03:33,594 - INFO - Epoch: 3, Batch: 2, Loss: 0.0
2025-08-06 03:03:35,879 - INFO - Epoch: 3, Batch: 3, Loss: 0.0
2025-08-06 03:03:40,337 - INFO - Epoch: 3, Batch: 4, Loss: 0.0
2025-08-06 03:03:41,766 - INFO - Epoch: 3, Batch: 5, Loss: 0.0
2025-08-06 03:03:43,165 - INFO - Epoch: 3, Batch: 6, Loss: 0.0
2025-08-06 03:03:44,556 - INFO - Epoch: 3, Batch: 7, Loss: 0.0
2025-08-06 03:03:46,215 - INFO - Epoch: 3, Batch: 8, Loss: 0.0
2025-08-06 03:03:48,236 - INFO - Epoch: 3, Batch: 9, Loss: 0.0
2025-08-06 03:03:49,543 - INFO - Epoch: 3, Batch: 10, Loss: 0.0
2025-08-06 03:03:51,311 - INFO - Epoch: 3, Batch: 11, Loss: 0.0
2025-08-06 03:03:52,892 - INFO - Epoch: 3, Batch: 12, Loss: 0.0
2025-08-06 03:03:54,522 - INFO - Epoch: 3, Batch: 13, Loss: 0.0
2025-08-06 03:03:57,207 - INFO - Epoch: 3, Batch: 14, Loss: 0.0
2025-08-06 03:03:58,703 - INFO - Epoch: 3, Batch: 15, Loss: 0.0
2025-08-06 03:04:01,774 - INFO - Epoch: 3, Batch: 16, Loss: 0.0
2025-08-06 03:04:03,735 - INFO - Epoch: 3, Batch: 17, Loss: 0.0
2025-08-06 03:04:05,514 - INFO - Epoch: 3, Batch: 18, Loss: 0.0
2025-08-06 03:04:06,817 - INFO - Epoch: 3, Batch: 19, Loss: 0.0
2025-08-06 03:04:08,147 - INFO - Epoch: 3, Batch: 20, Loss: 0.0
2025-08-06 03:04:09,686 - INFO - Epoch: 3, Batch: 21, Loss: 0.0
2025-08-06 03:04:11,250 - INFO - Epoch: 3, Batch: 22, Loss: 0.0
2025-08-06 03:04:12,566 - INFO - Epoch: 3, Batch: 23, Loss: 0.0
2025-08-06 03:04:15,025 - INFO - Epoch: 3, Batch: 24, Loss: 0.0
2025-08-06 03:04:16,612 - INFO - Epoch: 3, Batch: 25, Loss: 0.0
2025-08-06 03:04:17,966 - INFO - Epoch: 3, Batch: 26, Loss: 0.0
2025-08-06 03:04:19,902 - INFO - Epoch: 3, Batch: 27, Loss: 0.0
2025-08-06 03:04:21,594 - INFO - Epoch: 3, Batch: 28, Loss: 0.0
2025-08-06 03:04:23,606 - INFO - Epoch: 3, Batch: 29, Loss: 0.0
2025-08-06 03:04:26,424 - INFO - Epoch: 3, Batch: 30, Loss: 0.0
2025-08-06 03:04:28,377 - INFO - Epoch: 3, Batch: 31, Loss: 0.0
2025-08-06 03:04:30,693 - INFO - Epoch: 3, Batch: 32, Loss: 0.0
2025-08-06 03:04:32,181 - INFO - Epoch: 3, Batch: 33, Loss: 0.0
2025-08-06 03:04:34,872 - INFO - Epoch: 3, Batch: 34, Loss: 0.0
2025-08-06 03:04:36,410 - INFO - Epoch: 3, Batch: 35, Loss: 0.0
2025-08-06 03:04:38,125 - INFO - Epoch: 3, Batch: 36, Loss: 0.0
2025-08-06 03:04:39,638 - INFO - Epoch: 3, Batch: 37, Loss: 0.0
2025-08-06 03:04:40,984 - INFO - Epoch: 3, Batch: 38, Loss: 0.0
2025-08-06 03:04:42,886 - INFO - Epoch: 3, Batch: 39, Loss: 0.0
2025-08-06 03:04:44,095 - INFO - Epoch: 3, Batch: 40, Loss: 0.0
2025-08-06 03:04:47,563 - INFO - Epoch: 3, Batch: 41, Loss: 0.0
2025-08-06 03:04:48,864 - INFO - Epoch: 3, Batch: 42, Loss: 0.0
2025-08-06 03:04:50,449 - INFO - Epoch: 3, Batch: 43, Loss: 0.0
2025-08-06 03:04:52,574 - INFO - Epoch: 3, Batch: 44, Loss: 0.0
2025-08-06 03:04:54,851 - INFO - Epoch: 3, Batch: 45, Loss: 0.0
2025-08-06 03:04:56,160 - INFO - Epoch: 3, Batch: 46, Loss: 0.0
2025-08-06 03:04:57,638 - INFO - Epoch: 3, Batch: 47, Loss: 0.0
2025-08-06 03:04:58,800 - INFO - Epoch: 3, Batch: 48, Loss: 0.0
2025-08-06 03:05:01,477 - INFO - Epoch: 3, Batch: 49, Loss: 0.0
2025-08-06 03:05:02,907 - INFO - Epoch: 3, Batch: 50, Loss: 0.0
2025-08-06 03:05:06,907 - INFO - Epoch: 3, Batch: 51, Loss: 0.0
2025-08-06 03:05:11,119 - INFO - Epoch: 3, Batch: 52, Loss: 0.0
2025-08-06 03:05:13,080 - INFO - Epoch: 3, Batch: 53, Loss: 0.0
2025-08-06 03:05:14,306 - INFO - Epoch: 3, Batch: 54, Loss: 0.0
2025-08-06 03:05:15,927 - INFO - Epoch: 3, Batch: 55, Loss: 0.0
2025-08-06 03:05:18,728 - INFO - Epoch: 3, Batch: 56, Loss: 0.0
2025-08-06 03:05:21,080 - INFO - Epoch: 3, Batch: 57, Loss: 0.0
2025-08-06 03:05:22,164 - INFO - Epoch: 3, Batch: 58, Loss: 0.0
2025-08-06 03:05:25,585 - INFO - Epoch: 3, Batch: 59, Loss: 0.0
2025-08-06 03:05:27,060 - INFO - Epoch: 3, Batch: 60, Loss: 0.0
2025-08-06 03:05:29,324 - INFO - Epoch: 3, Batch: 61, Loss: 0.0
2025-08-06 03:05:30,727 - INFO - Epoch: 3, Batch: 62, Loss: 0.0
2025-08-06 03:05:32,043 - INFO - Epoch: 3, Batch: 63, Loss: 0.0
2025-08-06 03:05:33,713 - INFO - Epoch: 3, Batch: 64, Loss: 0.0
2025-08-06 03:05:35,656 - INFO - Epoch: 3, Batch: 65, Loss: 0.0
2025-08-06 03:05:37,337 - INFO - Epoch: 3, Batch: 66, Loss: 0.0
2025-08-06 03:05:38,887 - INFO - Epoch: 3, Batch: 67, Loss: 0.0
2025-08-06 03:05:40,135 - INFO - Epoch: 3, Batch: 68, Loss: 0.0
2025-08-06 03:05:40,163 - INFO - Saved Checkpoints model!
2025-08-06 03:05:40,164 - INFO - Starting Epoch: 4
2025-08-06 03:05:41,400 - INFO - Epoch: 4, Batch: 1, Loss: 0.0
2025-08-06 03:05:43,133 - INFO - Epoch: 4, Batch: 2, Loss: 0.0
2025-08-06 03:05:44,537 - INFO - Epoch: 4, Batch: 3, Loss: 0.0
2025-08-06 03:05:46,325 - INFO - Epoch: 4, Batch: 4, Loss: 0.0
2025-08-06 03:05:47,710 - INFO - Epoch: 4, Batch: 5, Loss: 0.0
2025-08-06 03:05:49,731 - INFO - Epoch: 4, Batch: 6, Loss: 0.0
2025-08-06 03:05:51,237 - INFO - Epoch: 4, Batch: 7, Loss: 0.0
2025-08-06 03:05:52,745 - INFO - Epoch: 4, Batch: 8, Loss: 0.0
2025-08-06 03:05:54,756 - INFO - Epoch: 4, Batch: 9, Loss: 0.0
2025-08-06 03:05:56,206 - INFO - Epoch: 4, Batch: 10, Loss: 0.0
2025-08-06 03:05:57,647 - INFO - Epoch: 4, Batch: 11, Loss: 0.0
2025-08-06 03:05:59,139 - INFO - Epoch: 4, Batch: 12, Loss: 0.0
2025-08-06 03:06:01,191 - INFO - Epoch: 4, Batch: 13, Loss: 0.0
2025-08-06 03:06:02,654 - INFO - Epoch: 4, Batch: 14, Loss: 0.0
2025-08-06 03:06:04,171 - INFO - Epoch: 4, Batch: 15, Loss: 0.0
2025-08-06 03:06:08,400 - INFO - Epoch: 4, Batch: 16, Loss: 0.0
2025-08-06 03:06:10,274 - INFO - Epoch: 4, Batch: 17, Loss: 0.0
2025-08-06 03:06:11,702 - INFO - Epoch: 4, Batch: 18, Loss: 0.0
2025-08-06 03:06:16,250 - INFO - Epoch: 4, Batch: 19, Loss: 0.0
2025-08-06 03:06:18,686 - INFO - Epoch: 4, Batch: 20, Loss: 0.0
2025-08-06 03:06:22,238 - INFO - Epoch: 4, Batch: 21, Loss: 0.0
2025-08-06 03:06:23,836 - INFO - Epoch: 4, Batch: 22, Loss: 0.0
2025-08-06 03:06:25,038 - INFO - Epoch: 4, Batch: 23, Loss: 0.0
2025-08-06 03:06:27,223 - INFO - Epoch: 4, Batch: 24, Loss: 0.0
2025-08-06 03:06:28,465 - INFO - Epoch: 4, Batch: 25, Loss: 0.0
2025-08-06 03:06:30,007 - INFO - Epoch: 4, Batch: 26, Loss: 0.0
2025-08-06 03:06:33,134 - INFO - Epoch: 4, Batch: 27, Loss: 0.0
2025-08-06 03:06:35,191 - INFO - Epoch: 4, Batch: 28, Loss: 0.0
2025-08-06 03:06:36,535 - INFO - Epoch: 4, Batch: 29, Loss: 0.0
2025-08-06 03:06:38,046 - INFO - Epoch: 4, Batch: 30, Loss: 0.0
2025-08-06 03:06:40,201 - INFO - Epoch: 4, Batch: 31, Loss: 0.0
2025-08-06 03:06:41,405 - INFO - Epoch: 4, Batch: 32, Loss: 0.0
2025-08-06 03:06:42,943 - INFO - Epoch: 4, Batch: 33, Loss: 0.0
2025-08-06 03:06:45,596 - INFO - Epoch: 4, Batch: 34, Loss: 0.0
2025-08-06 03:06:47,813 - INFO - Epoch: 4, Batch: 35, Loss: 0.0
2025-08-06 03:06:49,739 - INFO - Epoch: 4, Batch: 36, Loss: 0.0
2025-08-06 03:06:51,294 - INFO - Epoch: 4, Batch: 37, Loss: 0.0
2025-08-06 03:06:53,287 - INFO - Epoch: 4, Batch: 38, Loss: 0.0
2025-08-06 03:06:55,260 - INFO - Epoch: 4, Batch: 39, Loss: 0.0
2025-08-06 03:07:03,253 - INFO - Epoch: 4, Batch: 40, Loss: 0.0
2025-08-06 03:07:07,482 - INFO - Epoch: 4, Batch: 41, Loss: 0.0
2025-08-06 03:07:09,924 - INFO - Epoch: 4, Batch: 42, Loss: 0.0
2025-08-06 03:07:11,678 - INFO - Epoch: 4, Batch: 43, Loss: 0.0
2025-08-06 03:07:13,499 - INFO - Epoch: 4, Batch: 44, Loss: 0.0
2025-08-06 03:07:15,612 - INFO - Epoch: 4, Batch: 45, Loss: 0.0
2025-08-06 03:07:17,603 - INFO - Epoch: 4, Batch: 46, Loss: 0.0
2025-08-06 03:07:19,788 - INFO - Epoch: 4, Batch: 47, Loss: 0.0
2025-08-06 03:07:21,685 - INFO - Epoch: 4, Batch: 48, Loss: 0.0
2025-08-06 03:07:23,267 - INFO - Epoch: 4, Batch: 49, Loss: 0.0
2025-08-06 03:07:24,660 - INFO - Epoch: 4, Batch: 50, Loss: 0.0
2025-08-06 03:07:26,676 - INFO - Epoch: 4, Batch: 51, Loss: 0.0
2025-08-06 03:07:30,288 - INFO - Epoch: 4, Batch: 52, Loss: 0.0
2025-08-06 03:07:31,884 - INFO - Epoch: 4, Batch: 53, Loss: 0.0
2025-08-06 03:07:33,285 - INFO - Epoch: 4, Batch: 54, Loss: 0.0
2025-08-06 03:07:34,806 - INFO - Epoch: 4, Batch: 55, Loss: 0.0
2025-08-06 03:07:36,264 - INFO - Epoch: 4, Batch: 56, Loss: 0.0
2025-08-06 03:07:37,695 - INFO - Epoch: 4, Batch: 57, Loss: 0.0
2025-08-06 03:07:39,164 - INFO - Epoch: 4, Batch: 58, Loss: 0.0
2025-08-06 03:07:40,705 - INFO - Epoch: 4, Batch: 59, Loss: 0.0
2025-08-06 03:07:42,264 - INFO - Epoch: 4, Batch: 60, Loss: 0.0
2025-08-06 03:07:43,758 - INFO - Epoch: 4, Batch: 61, Loss: 0.0
2025-08-06 03:07:45,401 - INFO - Epoch: 4, Batch: 62, Loss: 0.0
2025-08-06 03:07:47,685 - INFO - Epoch: 4, Batch: 63, Loss: 0.0
2025-08-06 03:07:50,014 - INFO - Epoch: 4, Batch: 64, Loss: 0.0
2025-08-06 03:07:55,264 - INFO - Epoch: 4, Batch: 65, Loss: 0.0
2025-08-06 03:07:56,928 - INFO - Epoch: 4, Batch: 66, Loss: 0.0
2025-08-06 03:07:58,708 - INFO - Epoch: 4, Batch: 67, Loss: 0.0
2025-08-06 03:08:01,892 - INFO - Epoch: 4, Batch: 68, Loss: 0.0
2025-08-06 03:08:01,925 - INFO - Saved Checkpoints model!
2025-08-06 03:08:01,926 - INFO - Starting Epoch: 5
2025-08-06 03:08:03,979 - INFO - Epoch: 5, Batch: 1, Loss: 0.0
2025-08-06 03:08:06,761 - INFO - Epoch: 5, Batch: 2, Loss: 0.0
2025-08-06 03:08:08,879 - INFO - Epoch: 5, Batch: 3, Loss: 0.0
2025-08-06 03:08:10,699 - INFO - Epoch: 5, Batch: 4, Loss: 0.0
2025-08-06 03:08:12,968 - INFO - Epoch: 5, Batch: 5, Loss: 0.0
2025-08-06 03:08:15,203 - INFO - Epoch: 5, Batch: 6, Loss: 0.0
2025-08-06 03:08:18,159 - INFO - Epoch: 5, Batch: 7, Loss: 0.0
2025-08-06 03:08:21,323 - INFO - Epoch: 5, Batch: 8, Loss: 0.0
2025-08-06 03:08:23,676 - INFO - Epoch: 5, Batch: 9, Loss: 0.0
2025-08-06 03:08:25,853 - INFO - Epoch: 5, Batch: 10, Loss: 0.0
2025-08-06 03:08:28,059 - INFO - Epoch: 5, Batch: 11, Loss: 0.0
2025-08-06 03:08:30,676 - INFO - Epoch: 5, Batch: 12, Loss: 0.0
2025-08-06 03:08:33,428 - INFO - Epoch: 5, Batch: 13, Loss: 0.0
2025-08-06 03:08:39,198 - INFO - Epoch: 5, Batch: 14, Loss: 0.0
2025-08-06 03:08:40,890 - INFO - Epoch: 5, Batch: 15, Loss: 0.0
2025-08-06 03:08:43,008 - INFO - Epoch: 5, Batch: 16, Loss: 0.0
2025-08-06 03:08:44,559 - INFO - Epoch: 5, Batch: 17, Loss: 0.0
2025-08-06 03:08:46,631 - INFO - Epoch: 5, Batch: 18, Loss: 0.0
2025-08-06 03:08:48,125 - INFO - Epoch: 5, Batch: 19, Loss: 0.0
2025-08-06 03:08:52,474 - INFO - Epoch: 5, Batch: 20, Loss: 0.0
2025-08-06 03:08:55,408 - INFO - Epoch: 5, Batch: 21, Loss: 0.0
2025-08-06 03:08:59,962 - INFO - Epoch: 5, Batch: 22, Loss: 0.0
2025-08-06 03:09:03,189 - INFO - Epoch: 5, Batch: 23, Loss: 0.0
2025-08-06 03:09:05,422 - INFO - Epoch: 5, Batch: 24, Loss: 0.0
2025-08-06 03:09:07,957 - INFO - Epoch: 5, Batch: 25, Loss: 0.0
2025-08-06 03:09:10,942 - INFO - Epoch: 5, Batch: 26, Loss: 0.0
2025-08-06 03:09:13,685 - INFO - Epoch: 5, Batch: 27, Loss: 0.0
2025-08-06 03:09:16,132 - INFO - Epoch: 5, Batch: 28, Loss: 0.0
2025-08-06 03:09:22,521 - INFO - Epoch: 5, Batch: 29, Loss: 0.0
2025-08-06 03:09:25,637 - INFO - Epoch: 5, Batch: 30, Loss: 0.0
2025-08-06 03:09:27,177 - INFO - Epoch: 5, Batch: 31, Loss: 0.0
2025-08-06 03:09:29,007 - INFO - Epoch: 5, Batch: 32, Loss: 0.0
2025-08-06 03:09:31,534 - INFO - Epoch: 5, Batch: 33, Loss: 0.0
2025-08-06 03:09:33,645 - INFO - Epoch: 5, Batch: 34, Loss: 0.0
2025-08-06 03:09:36,941 - INFO - Epoch: 5, Batch: 35, Loss: 0.0
2025-08-06 03:09:39,443 - INFO - Epoch: 5, Batch: 36, Loss: 0.0
2025-08-06 03:09:41,418 - INFO - Epoch: 5, Batch: 37, Loss: 0.0
2025-08-06 03:09:46,834 - INFO - Epoch: 5, Batch: 38, Loss: 0.0
2025-08-06 03:09:49,100 - INFO - Epoch: 5, Batch: 39, Loss: 0.0
2025-08-06 03:09:51,520 - INFO - Epoch: 5, Batch: 40, Loss: 0.0
2025-08-06 03:09:54,717 - INFO - Epoch: 5, Batch: 41, Loss: 0.0
2025-08-06 03:09:57,731 - INFO - Epoch: 5, Batch: 42, Loss: 0.0
2025-08-06 03:10:00,081 - INFO - Epoch: 5, Batch: 43, Loss: 0.0
2025-08-06 03:10:04,743 - INFO - Epoch: 5, Batch: 44, Loss: 0.0
2025-08-06 03:10:06,605 - INFO - Epoch: 5, Batch: 45, Loss: 0.0
2025-08-06 03:10:08,854 - INFO - Epoch: 5, Batch: 46, Loss: 0.0
2025-08-06 03:10:11,056 - INFO - Epoch: 5, Batch: 47, Loss: 0.0
2025-08-06 03:10:13,838 - INFO - Epoch: 5, Batch: 48, Loss: 0.0
2025-08-06 03:10:16,054 - INFO - Epoch: 5, Batch: 49, Loss: 0.0
2025-08-06 03:10:17,958 - INFO - Epoch: 5, Batch: 50, Loss: 0.0
2025-08-06 03:10:20,105 - INFO - Epoch: 5, Batch: 51, Loss: 0.0
2025-08-06 03:10:22,250 - INFO - Epoch: 5, Batch: 52, Loss: 0.0
2025-08-06 03:10:24,285 - INFO - Epoch: 5, Batch: 53, Loss: 0.0
2025-08-06 03:10:26,539 - INFO - Epoch: 5, Batch: 54, Loss: 0.0
2025-08-06 03:10:28,484 - INFO - Epoch: 5, Batch: 55, Loss: 0.0
2025-08-06 03:10:32,802 - INFO - Epoch: 5, Batch: 56, Loss: 0.0
2025-08-06 03:10:35,388 - INFO - Epoch: 5, Batch: 57, Loss: 0.0
2025-08-06 03:10:37,226 - INFO - Epoch: 5, Batch: 58, Loss: 0.0
2025-08-06 03:10:40,242 - INFO - Epoch: 5, Batch: 59, Loss: 0.0
2025-08-06 03:10:42,388 - INFO - Epoch: 5, Batch: 60, Loss: 0.0
2025-08-06 03:10:44,746 - INFO - Epoch: 5, Batch: 61, Loss: 0.0
2025-08-06 03:10:49,245 - INFO - Epoch: 5, Batch: 62, Loss: 0.0
2025-08-06 03:10:51,280 - INFO - Epoch: 5, Batch: 63, Loss: 0.0
2025-08-06 03:10:53,606 - INFO - Epoch: 5, Batch: 64, Loss: 0.0
2025-08-06 03:10:56,082 - INFO - Epoch: 5, Batch: 65, Loss: 0.0
2025-08-06 03:10:57,861 - INFO - Epoch: 5, Batch: 66, Loss: 0.0
2025-08-06 03:10:59,525 - INFO - Epoch: 5, Batch: 67, Loss: 0.0
2025-08-06 03:11:01,280 - INFO - Epoch: 5, Batch: 68, Loss: 0.0
2025-08-06 03:11:01,307 - INFO - Saved Checkpoints model!
2025-08-06 03:11:01,309 - INFO - Starting Epoch: 6
2025-08-06 03:11:03,729 - INFO - Epoch: 6, Batch: 1, Loss: 0.0
2025-08-06 03:11:05,671 - INFO - Epoch: 6, Batch: 2, Loss: 0.0
2025-08-06 03:11:06,991 - INFO - Epoch: 6, Batch: 3, Loss: 0.0
2025-08-06 03:11:08,557 - INFO - Epoch: 6, Batch: 4, Loss: 0.0
2025-08-06 03:11:11,253 - INFO - Epoch: 6, Batch: 5, Loss: 0.0
2025-08-06 03:11:14,182 - INFO - Epoch: 6, Batch: 6, Loss: 0.0
2025-08-06 03:11:15,736 - INFO - Epoch: 6, Batch: 7, Loss: 0.0
2025-08-06 03:11:17,502 - INFO - Epoch: 6, Batch: 8, Loss: 0.0
2025-08-06 03:11:19,267 - INFO - Epoch: 6, Batch: 9, Loss: 0.0
2025-08-06 03:11:21,130 - INFO - Epoch: 6, Batch: 10, Loss: 0.0
2025-08-06 03:11:22,527 - INFO - Epoch: 6, Batch: 11, Loss: 0.0
2025-08-06 03:11:24,812 - INFO - Epoch: 6, Batch: 12, Loss: 0.0
2025-08-06 03:11:26,689 - INFO - Epoch: 6, Batch: 13, Loss: 0.0
2025-08-06 03:11:31,199 - INFO - Epoch: 6, Batch: 14, Loss: 0.0
2025-08-06 03:11:34,152 - INFO - Epoch: 6, Batch: 15, Loss: 0.0
2025-08-06 03:11:36,399 - INFO - Epoch: 6, Batch: 16, Loss: 0.0
2025-08-06 03:11:38,207 - INFO - Epoch: 6, Batch: 17, Loss: 0.0
2025-08-06 03:11:39,593 - INFO - Epoch: 6, Batch: 18, Loss: 0.0
2025-08-06 03:11:41,289 - INFO - Epoch: 6, Batch: 19, Loss: 0.0
2025-08-06 03:11:43,611 - INFO - Epoch: 6, Batch: 20, Loss: 0.0
2025-08-06 03:11:45,688 - INFO - Epoch: 6, Batch: 21, Loss: 0.0
2025-08-06 03:11:47,876 - INFO - Epoch: 6, Batch: 22, Loss: 0.0
2025-08-06 03:11:49,607 - INFO - Epoch: 6, Batch: 23, Loss: 0.0
2025-08-06 03:11:51,242 - INFO - Epoch: 6, Batch: 24, Loss: 0.0
2025-08-06 03:11:52,523 - INFO - Epoch: 6, Batch: 25, Loss: 0.0
2025-08-06 03:11:56,598 - INFO - Epoch: 6, Batch: 26, Loss: 0.0
2025-08-06 03:11:58,246 - INFO - Epoch: 6, Batch: 27, Loss: 0.0
2025-08-06 03:11:59,554 - INFO - Epoch: 6, Batch: 28, Loss: 0.0
2025-08-06 03:12:01,451 - INFO - Epoch: 6, Batch: 29, Loss: 0.0
2025-08-06 03:12:03,124 - INFO - Epoch: 6, Batch: 30, Loss: 0.0
2025-08-06 03:12:04,891 - INFO - Epoch: 6, Batch: 31, Loss: 0.0
2025-08-06 03:12:06,569 - INFO - Epoch: 6, Batch: 32, Loss: 0.0
2025-08-06 03:12:11,397 - INFO - Epoch: 6, Batch: 33, Loss: 0.0
2025-08-06 03:12:12,742 - INFO - Epoch: 6, Batch: 34, Loss: 0.0
2025-08-06 03:12:14,409 - INFO - Epoch: 6, Batch: 35, Loss: 0.0
2025-08-06 03:12:16,590 - INFO - Epoch: 6, Batch: 36, Loss: 0.0
2025-08-06 03:12:18,282 - INFO - Epoch: 6, Batch: 37, Loss: 0.0
2025-08-06 03:12:19,902 - INFO - Epoch: 6, Batch: 38, Loss: 0.0
2025-08-06 03:12:21,938 - INFO - Epoch: 6, Batch: 39, Loss: 0.0
2025-08-06 03:12:26,272 - INFO - Epoch: 6, Batch: 40, Loss: 0.0
2025-08-06 03:12:27,606 - INFO - Epoch: 6, Batch: 41, Loss: 0.0
2025-08-06 03:12:29,370 - INFO - Epoch: 6, Batch: 42, Loss: 0.0
2025-08-06 03:12:30,872 - INFO - Epoch: 6, Batch: 43, Loss: 0.0
2025-08-06 03:12:32,432 - INFO - Epoch: 6, Batch: 44, Loss: 0.0
2025-08-06 03:12:34,158 - INFO - Epoch: 6, Batch: 45, Loss: 0.0
2025-08-06 03:12:35,757 - INFO - Epoch: 6, Batch: 46, Loss: 0.0
2025-08-06 03:12:37,271 - INFO - Epoch: 6, Batch: 47, Loss: 0.0
2025-08-06 03:12:38,916 - INFO - Epoch: 6, Batch: 48, Loss: 0.0
2025-08-06 03:12:42,291 - INFO - Epoch: 6, Batch: 49, Loss: 0.0
2025-08-06 03:12:43,811 - INFO - Epoch: 6, Batch: 50, Loss: 0.0
2025-08-06 03:12:45,509 - INFO - Epoch: 6, Batch: 51, Loss: 0.0
2025-08-06 03:12:46,996 - INFO - Epoch: 6, Batch: 52, Loss: 0.0
2025-08-06 03:12:48,407 - INFO - Epoch: 6, Batch: 53, Loss: 0.0
2025-08-06 03:12:49,676 - INFO - Epoch: 6, Batch: 54, Loss: 0.0
2025-08-06 03:12:51,129 - INFO - Epoch: 6, Batch: 55, Loss: 0.0
2025-08-06 03:12:52,970 - INFO - Epoch: 6, Batch: 56, Loss: 0.0
2025-08-06 03:12:56,097 - INFO - Epoch: 6, Batch: 57, Loss: 0.0
2025-08-06 03:12:57,990 - INFO - Epoch: 6, Batch: 58, Loss: 0.0
2025-08-06 03:12:59,939 - INFO - Epoch: 6, Batch: 59, Loss: 0.0
2025-08-06 03:13:01,924 - INFO - Epoch: 6, Batch: 60, Loss: 0.0
2025-08-06 03:13:03,599 - INFO - Epoch: 6, Batch: 61, Loss: 0.0
2025-08-06 03:13:05,263 - INFO - Epoch: 6, Batch: 62, Loss: 0.0
2025-08-06 03:13:06,941 - INFO - Epoch: 6, Batch: 63, Loss: 0.0
2025-08-06 03:13:08,254 - INFO - Epoch: 6, Batch: 64, Loss: 0.0
2025-08-06 03:13:09,744 - INFO - Epoch: 6, Batch: 65, Loss: 0.0
2025-08-06 03:13:11,151 - INFO - Epoch: 6, Batch: 66, Loss: 0.0
2025-08-06 03:13:12,578 - INFO - Epoch: 6, Batch: 67, Loss: 0.0
2025-08-06 03:13:15,858 - INFO - Epoch: 6, Batch: 68, Loss: 0.0
2025-08-06 03:13:15,886 - INFO - Saved Checkpoints model!
2025-08-06 03:13:15,888 - INFO - Starting Epoch: 7
2025-08-06 03:13:17,429 - INFO - Epoch: 7, Batch: 1, Loss: 0.0
2025-08-06 03:13:19,103 - INFO - Epoch: 7, Batch: 2, Loss: 0.0
2025-08-06 03:13:20,475 - INFO - Epoch: 7, Batch: 3, Loss: 0.0
2025-08-06 03:13:24,572 - INFO - Epoch: 7, Batch: 4, Loss: 0.0
2025-08-06 03:13:26,221 - INFO - Epoch: 7, Batch: 5, Loss: 0.0
2025-08-06 03:13:27,978 - INFO - Epoch: 7, Batch: 6, Loss: 0.0
2025-08-06 03:13:31,989 - INFO - Epoch: 7, Batch: 7, Loss: 0.0
2025-08-06 03:13:33,736 - INFO - Epoch: 7, Batch: 8, Loss: 0.0
2025-08-06 03:13:35,101 - INFO - Epoch: 7, Batch: 9, Loss: 0.0
2025-08-06 03:13:37,814 - INFO - Epoch: 7, Batch: 10, Loss: 0.0
2025-08-06 03:13:39,230 - INFO - Epoch: 7, Batch: 11, Loss: 0.0
2025-08-06 03:13:40,675 - INFO - Epoch: 7, Batch: 12, Loss: 0.0
2025-08-06 03:13:42,936 - INFO - Epoch: 7, Batch: 13, Loss: 0.0
2025-08-06 03:13:44,415 - INFO - Epoch: 7, Batch: 14, Loss: 0.0
2025-08-06 03:13:45,632 - INFO - Epoch: 7, Batch: 15, Loss: 0.0
2025-08-06 03:13:47,342 - INFO - Epoch: 7, Batch: 16, Loss: 0.0
2025-08-06 03:13:48,907 - INFO - Epoch: 7, Batch: 17, Loss: 0.0
2025-08-06 03:13:50,354 - INFO - Epoch: 7, Batch: 18, Loss: 0.0
2025-08-06 03:13:53,124 - INFO - Epoch: 7, Batch: 19, Loss: 0.0
2025-08-06 03:13:54,227 - INFO - Epoch: 7, Batch: 20, Loss: 0.0
2025-08-06 03:13:55,550 - INFO - Epoch: 7, Batch: 21, Loss: 0.0
2025-08-06 03:13:57,337 - INFO - Epoch: 7, Batch: 22, Loss: 0.0
2025-08-06 03:14:00,091 - INFO - Epoch: 7, Batch: 23, Loss: 0.0
2025-08-06 03:14:03,932 - INFO - Epoch: 7, Batch: 24, Loss: 0.0
2025-08-06 03:14:05,415 - INFO - Epoch: 7, Batch: 25, Loss: 0.0
2025-08-06 03:14:06,425 - INFO - Epoch: 7, Batch: 26, Loss: 0.0
2025-08-06 03:14:08,739 - INFO - Epoch: 7, Batch: 27, Loss: 0.0
2025-08-06 03:14:10,196 - INFO - Epoch: 7, Batch: 28, Loss: 0.0
2025-08-06 03:14:11,632 - INFO - Epoch: 7, Batch: 29, Loss: 0.0
2025-08-06 03:14:14,439 - INFO - Epoch: 7, Batch: 30, Loss: 0.0
2025-08-06 03:14:16,530 - INFO - Epoch: 7, Batch: 31, Loss: 0.0
2025-08-06 03:14:19,329 - INFO - Epoch: 7, Batch: 32, Loss: 0.0
2025-08-06 03:14:21,215 - INFO - Epoch: 7, Batch: 33, Loss: 0.0
2025-08-06 03:14:22,694 - INFO - Epoch: 7, Batch: 34, Loss: 0.0
2025-08-06 03:14:25,173 - INFO - Epoch: 7, Batch: 35, Loss: 0.0
2025-08-06 03:14:26,391 - INFO - Epoch: 7, Batch: 36, Loss: 0.0
2025-08-06 03:14:27,537 - INFO - Epoch: 7, Batch: 37, Loss: 0.0
2025-08-06 03:14:28,863 - INFO - Epoch: 7, Batch: 38, Loss: 0.0
2025-08-06 03:14:30,337 - INFO - Epoch: 7, Batch: 39, Loss: 0.0
2025-08-06 03:14:31,482 - INFO - Epoch: 7, Batch: 40, Loss: 0.0
2025-08-06 03:14:32,704 - INFO - Epoch: 7, Batch: 41, Loss: 0.0
2025-08-06 03:14:33,921 - INFO - Epoch: 7, Batch: 42, Loss: 0.0
2025-08-06 03:14:36,406 - INFO - Epoch: 7, Batch: 43, Loss: 0.0
2025-08-06 03:14:38,200 - INFO - Epoch: 7, Batch: 44, Loss: 0.0
2025-08-06 03:14:39,715 - INFO - Epoch: 7, Batch: 45, Loss: 0.0
2025-08-06 03:14:42,983 - INFO - Epoch: 7, Batch: 46, Loss: 0.0
2025-08-06 03:14:44,363 - INFO - Epoch: 7, Batch: 47, Loss: 0.0
2025-08-06 03:14:48,144 - INFO - Epoch: 7, Batch: 48, Loss: 0.0
2025-08-06 03:14:49,870 - INFO - Epoch: 7, Batch: 49, Loss: 0.0
2025-08-06 03:14:51,432 - INFO - Epoch: 7, Batch: 50, Loss: 0.0
2025-08-06 03:14:52,927 - INFO - Epoch: 7, Batch: 51, Loss: 0.0
2025-08-06 03:14:54,854 - INFO - Epoch: 7, Batch: 52, Loss: 0.0
2025-08-06 03:14:56,767 - INFO - Epoch: 7, Batch: 53, Loss: 0.0
2025-08-06 03:14:58,569 - INFO - Epoch: 7, Batch: 54, Loss: 0.0
2025-08-06 03:15:00,001 - INFO - Epoch: 7, Batch: 55, Loss: 0.0
2025-08-06 03:15:01,760 - INFO - Epoch: 7, Batch: 56, Loss: 0.0
2025-08-06 03:15:03,273 - INFO - Epoch: 7, Batch: 57, Loss: 0.0
2025-08-06 03:15:04,722 - INFO - Epoch: 7, Batch: 58, Loss: 0.0
2025-08-06 03:15:06,230 - INFO - Epoch: 7, Batch: 59, Loss: 0.0
2025-08-06 03:15:08,048 - INFO - Epoch: 7, Batch: 60, Loss: 0.0
2025-08-06 03:15:09,821 - INFO - Epoch: 7, Batch: 61, Loss: 0.0
2025-08-06 03:15:11,288 - INFO - Epoch: 7, Batch: 62, Loss: 0.0
2025-08-06 03:15:13,259 - INFO - Epoch: 7, Batch: 63, Loss: 0.0
2025-08-06 03:15:14,645 - INFO - Epoch: 7, Batch: 64, Loss: 0.0
2025-08-06 03:15:16,425 - INFO - Epoch: 7, Batch: 65, Loss: 0.0
2025-08-06 03:15:18,105 - INFO - Epoch: 7, Batch: 66, Loss: 0.0
2025-08-06 03:15:20,124 - INFO - Epoch: 7, Batch: 67, Loss: 0.0
2025-08-06 03:15:21,625 - INFO - Epoch: 7, Batch: 68, Loss: 0.0
2025-08-06 03:15:21,651 - INFO - Saved Checkpoints model!
2025-08-06 03:15:21,653 - INFO - Starting Epoch: 8
2025-08-06 03:15:23,980 - INFO - Epoch: 8, Batch: 1, Loss: 0.0
2025-08-06 03:15:27,441 - INFO - Epoch: 8, Batch: 2, Loss: 0.0
2025-08-06 03:15:28,987 - INFO - Epoch: 8, Batch: 3, Loss: 0.0
2025-08-06 03:15:30,258 - INFO - Epoch: 8, Batch: 4, Loss: 0.0
2025-08-06 03:15:31,440 - INFO - Epoch: 8, Batch: 5, Loss: 0.0
2025-08-06 03:15:33,888 - INFO - Epoch: 8, Batch: 6, Loss: 0.0
2025-08-06 03:15:35,504 - INFO - Epoch: 8, Batch: 7, Loss: 0.0
2025-08-06 03:15:36,741 - INFO - Epoch: 8, Batch: 8, Loss: 0.0
2025-08-06 03:15:38,770 - INFO - Epoch: 8, Batch: 9, Loss: 0.0
2025-08-06 03:15:41,026 - INFO - Epoch: 8, Batch: 10, Loss: 0.0
2025-08-06 03:15:42,465 - INFO - Epoch: 8, Batch: 11, Loss: 0.0
2025-08-06 03:15:43,832 - INFO - Epoch: 8, Batch: 12, Loss: 0.0
2025-08-06 03:15:45,551 - INFO - Epoch: 8, Batch: 13, Loss: 0.0
2025-08-06 03:15:46,857 - INFO - Epoch: 8, Batch: 14, Loss: 0.0
2025-08-06 03:15:51,498 - INFO - Epoch: 8, Batch: 15, Loss: 0.0
2025-08-06 03:15:52,826 - INFO - Epoch: 8, Batch: 16, Loss: 0.0
2025-08-06 03:15:54,311 - INFO - Epoch: 8, Batch: 17, Loss: 0.0
2025-08-06 03:15:57,870 - INFO - Epoch: 8, Batch: 18, Loss: 0.0
2025-08-06 03:15:59,199 - INFO - Epoch: 8, Batch: 19, Loss: 0.0
2025-08-06 03:16:00,987 - INFO - Epoch: 8, Batch: 20, Loss: 0.0
2025-08-06 03:16:02,974 - INFO - Epoch: 8, Batch: 21, Loss: 0.0
2025-08-06 03:16:04,429 - INFO - Epoch: 8, Batch: 22, Loss: 0.0
2025-08-06 03:16:06,407 - INFO - Epoch: 8, Batch: 23, Loss: 0.0
2025-08-06 03:16:07,969 - INFO - Epoch: 8, Batch: 24, Loss: 0.0
2025-08-06 03:16:09,464 - INFO - Epoch: 8, Batch: 25, Loss: 0.0
2025-08-06 03:16:10,683 - INFO - Epoch: 8, Batch: 26, Loss: 0.0
2025-08-06 03:16:12,087 - INFO - Epoch: 8, Batch: 27, Loss: 0.0
2025-08-06 03:16:15,129 - INFO - Epoch: 8, Batch: 28, Loss: 0.0
2025-08-06 03:16:16,446 - INFO - Epoch: 8, Batch: 29, Loss: 0.0
2025-08-06 03:16:18,832 - INFO - Epoch: 8, Batch: 30, Loss: 0.0
2025-08-06 03:16:20,753 - INFO - Epoch: 8, Batch: 31, Loss: 0.0
2025-08-06 03:16:22,001 - INFO - Epoch: 8, Batch: 32, Loss: 0.0
2025-08-06 03:16:23,473 - INFO - Epoch: 8, Batch: 33, Loss: 0.0
2025-08-06 03:16:25,037 - INFO - Epoch: 8, Batch: 34, Loss: 0.0
2025-08-06 03:16:27,374 - INFO - Epoch: 8, Batch: 35, Loss: 0.0
2025-08-06 03:16:28,750 - INFO - Epoch: 8, Batch: 36, Loss: 0.0
2025-08-06 03:16:30,233 - INFO - Epoch: 8, Batch: 37, Loss: 0.0
2025-08-06 03:16:31,921 - INFO - Epoch: 8, Batch: 38, Loss: 0.0
2025-08-06 03:16:33,460 - INFO - Epoch: 8, Batch: 39, Loss: 0.0
2025-08-06 03:16:34,697 - INFO - Epoch: 8, Batch: 40, Loss: 0.0
2025-08-06 03:16:39,393 - INFO - Epoch: 8, Batch: 41, Loss: 0.0
2025-08-06 03:16:41,309 - INFO - Epoch: 8, Batch: 42, Loss: 0.0
2025-08-06 03:16:43,087 - INFO - Epoch: 8, Batch: 43, Loss: 0.0
2025-08-06 03:16:44,691 - INFO - Epoch: 8, Batch: 44, Loss: 0.0
2025-08-06 03:16:45,950 - INFO - Epoch: 8, Batch: 45, Loss: 0.0
2025-08-06 03:16:50,035 - INFO - Epoch: 8, Batch: 46, Loss: 0.0
2025-08-06 03:16:52,488 - INFO - Epoch: 8, Batch: 47, Loss: 0.0
2025-08-06 03:16:53,828 - INFO - Epoch: 8, Batch: 48, Loss: 0.0
2025-08-06 03:16:56,269 - INFO - Epoch: 8, Batch: 49, Loss: 0.0
2025-08-06 03:16:57,804 - INFO - Epoch: 8, Batch: 50, Loss: 0.0
2025-08-06 03:16:59,656 - INFO - Epoch: 8, Batch: 51, Loss: 0.0
2025-08-06 03:17:01,290 - INFO - Epoch: 8, Batch: 52, Loss: 0.0
2025-08-06 03:17:02,739 - INFO - Epoch: 8, Batch: 53, Loss: 0.0
2025-08-06 03:17:05,863 - INFO - Epoch: 8, Batch: 54, Loss: 0.0
2025-08-06 03:17:09,791 - INFO - Epoch: 8, Batch: 55, Loss: 0.0
2025-08-06 03:17:11,173 - INFO - Epoch: 8, Batch: 56, Loss: 0.0
2025-08-06 03:17:13,716 - INFO - Epoch: 8, Batch: 57, Loss: 0.0
2025-08-06 03:17:14,885 - INFO - Epoch: 8, Batch: 58, Loss: 0.0
2025-08-06 03:17:16,237 - INFO - Epoch: 8, Batch: 59, Loss: 0.0
2025-08-06 03:17:17,333 - INFO - Epoch: 8, Batch: 60, Loss: 0.0
2025-08-06 03:17:18,781 - INFO - Epoch: 8, Batch: 61, Loss: 0.0
2025-08-06 03:17:19,994 - INFO - Epoch: 8, Batch: 62, Loss: 0.0
2025-08-06 03:17:21,479 - INFO - Epoch: 8, Batch: 63, Loss: 0.0
2025-08-06 03:17:22,743 - INFO - Epoch: 8, Batch: 64, Loss: 0.0
2025-08-06 03:17:25,544 - INFO - Epoch: 8, Batch: 65, Loss: 0.0
2025-08-06 03:17:27,005 - INFO - Epoch: 8, Batch: 66, Loss: 0.0
2025-08-06 03:17:29,007 - INFO - Epoch: 8, Batch: 67, Loss: 0.0
2025-08-06 03:17:30,562 - INFO - Epoch: 8, Batch: 68, Loss: 0.0
2025-08-06 03:17:30,600 - INFO - Saved Checkpoints model!
2025-08-06 03:17:30,602 - INFO - Starting Epoch: 9
2025-08-06 03:17:32,209 - INFO - Epoch: 9, Batch: 1, Loss: 0.0
2025-08-06 03:17:33,838 - INFO - Epoch: 9, Batch: 2, Loss: 0.0
2025-08-06 03:17:35,265 - INFO - Epoch: 9, Batch: 3, Loss: 0.0
2025-08-06 03:17:37,335 - INFO - Epoch: 9, Batch: 4, Loss: 0.0
2025-08-06 03:17:38,640 - INFO - Epoch: 9, Batch: 5, Loss: 0.0
2025-08-06 03:17:40,732 - INFO - Epoch: 9, Batch: 6, Loss: 0.0
2025-08-06 03:17:42,855 - INFO - Epoch: 9, Batch: 7, Loss: 0.0
2025-08-06 03:17:46,988 - INFO - Epoch: 9, Batch: 8, Loss: 0.0
2025-08-06 03:17:48,536 - INFO - Epoch: 9, Batch: 9, Loss: 0.0
2025-08-06 03:17:49,547 - INFO - Epoch: 9, Batch: 10, Loss: 0.0
2025-08-06 03:17:51,309 - INFO - Epoch: 9, Batch: 11, Loss: 0.0
2025-08-06 03:17:52,556 - INFO - Epoch: 9, Batch: 12, Loss: 0.0
2025-08-06 03:17:54,571 - INFO - Epoch: 9, Batch: 13, Loss: 0.0
2025-08-06 03:17:56,041 - INFO - Epoch: 9, Batch: 14, Loss: 0.0
2025-08-06 03:17:57,486 - INFO - Epoch: 9, Batch: 15, Loss: 0.0
2025-08-06 03:17:58,987 - INFO - Epoch: 9, Batch: 16, Loss: 0.0
2025-08-06 03:18:00,680 - INFO - Epoch: 9, Batch: 17, Loss: 0.0
2025-08-06 03:18:02,894 - INFO - Epoch: 9, Batch: 18, Loss: 0.0
2025-08-06 03:18:06,279 - INFO - Epoch: 9, Batch: 19, Loss: 0.0
2025-08-06 03:18:08,292 - INFO - Epoch: 9, Batch: 20, Loss: 0.0
2025-08-06 03:18:09,646 - INFO - Epoch: 9, Batch: 21, Loss: 0.0
2025-08-06 03:18:11,180 - INFO - Epoch: 9, Batch: 22, Loss: 0.0
2025-08-06 03:18:12,567 - INFO - Epoch: 9, Batch: 23, Loss: 0.0
2025-08-06 03:18:13,819 - INFO - Epoch: 9, Batch: 24, Loss: 0.0
2025-08-06 03:18:15,654 - INFO - Epoch: 9, Batch: 25, Loss: 0.0
2025-08-06 03:18:17,832 - INFO - Epoch: 9, Batch: 26, Loss: 0.0
2025-08-06 03:18:19,280 - INFO - Epoch: 9, Batch: 27, Loss: 0.0
2025-08-06 03:18:21,435 - INFO - Epoch: 9, Batch: 28, Loss: 0.0
2025-08-06 03:18:22,535 - INFO - Epoch: 9, Batch: 29, Loss: 0.0
2025-08-06 03:18:24,282 - INFO - Epoch: 9, Batch: 30, Loss: 0.0
2025-08-06 03:18:28,537 - INFO - Epoch: 9, Batch: 31, Loss: 0.0
2025-08-06 03:18:30,282 - INFO - Epoch: 9, Batch: 32, Loss: 0.0
2025-08-06 03:18:32,730 - INFO - Epoch: 9, Batch: 33, Loss: 0.0
2025-08-06 03:18:34,139 - INFO - Epoch: 9, Batch: 34, Loss: 0.0
2025-08-06 03:18:38,276 - INFO - Epoch: 9, Batch: 35, Loss: 0.0
2025-08-06 03:18:39,986 - INFO - Epoch: 9, Batch: 36, Loss: 0.0
2025-08-06 03:18:41,394 - INFO - Epoch: 9, Batch: 37, Loss: 0.0
2025-08-06 03:18:43,039 - INFO - Epoch: 9, Batch: 38, Loss: 0.0
2025-08-06 03:18:44,222 - INFO - Epoch: 9, Batch: 39, Loss: 0.0
2025-08-06 03:18:48,130 - INFO - Epoch: 9, Batch: 40, Loss: 0.0
2025-08-06 03:18:49,686 - INFO - Epoch: 9, Batch: 41, Loss: 0.0
2025-08-06 03:18:51,008 - INFO - Epoch: 9, Batch: 42, Loss: 0.0
2025-08-06 03:18:52,290 - INFO - Epoch: 9, Batch: 43, Loss: 0.0
2025-08-06 03:18:54,717 - INFO - Epoch: 9, Batch: 44, Loss: 0.0
2025-08-06 03:18:56,629 - INFO - Epoch: 9, Batch: 45, Loss: 0.0
2025-08-06 03:18:59,504 - INFO - Epoch: 9, Batch: 46, Loss: 0.0
2025-08-06 03:19:00,841 - INFO - Epoch: 9, Batch: 47, Loss: 0.0
2025-08-06 03:19:02,143 - INFO - Epoch: 9, Batch: 48, Loss: 0.0
2025-08-06 03:19:03,158 - INFO - Epoch: 9, Batch: 49, Loss: 0.0
2025-08-06 03:19:04,667 - INFO - Epoch: 9, Batch: 50, Loss: 0.0
2025-08-06 03:19:06,845 - INFO - Epoch: 9, Batch: 51, Loss: 0.0
2025-08-06 03:19:09,189 - INFO - Epoch: 9, Batch: 52, Loss: 0.0
2025-08-06 03:19:11,051 - INFO - Epoch: 9, Batch: 53, Loss: 0.0
2025-08-06 03:19:12,215 - INFO - Epoch: 9, Batch: 54, Loss: 0.0
2025-08-06 03:19:13,298 - INFO - Epoch: 9, Batch: 55, Loss: 0.0
2025-08-06 03:19:15,076 - INFO - Epoch: 9, Batch: 56, Loss: 0.0
2025-08-06 03:19:16,293 - INFO - Epoch: 9, Batch: 57, Loss: 0.0
2025-08-06 03:19:17,779 - INFO - Epoch: 9, Batch: 58, Loss: 0.0
2025-08-06 03:19:19,263 - INFO - Epoch: 9, Batch: 59, Loss: 0.0
2025-08-06 03:19:20,387 - INFO - Epoch: 9, Batch: 60, Loss: 0.0
2025-08-06 03:19:25,970 - INFO - Epoch: 9, Batch: 61, Loss: 0.0
2025-08-06 03:19:27,572 - INFO - Epoch: 9, Batch: 62, Loss: 0.0
2025-08-06 03:19:29,418 - INFO - Epoch: 9, Batch: 63, Loss: 0.0
2025-08-06 03:19:30,840 - INFO - Epoch: 9, Batch: 64, Loss: 0.0
2025-08-06 03:19:33,037 - INFO - Epoch: 9, Batch: 65, Loss: 0.0
2025-08-06 03:19:35,349 - INFO - Epoch: 9, Batch: 66, Loss: 0.0
2025-08-06 03:19:36,495 - INFO - Epoch: 9, Batch: 67, Loss: 0.0
2025-08-06 03:19:37,612 - INFO - Epoch: 9, Batch: 68, Loss: 0.0
2025-08-06 03:19:37,637 - INFO - Saved Checkpoints model!
2025-08-06 03:19:37,638 - INFO - Training Finished! Saving model...
